<?xml version="1.0" encoding="UTF-8"?>
<!-- Generated by org.testng.reporters.JUnitReportReporter -->
<testsuite hostname="DESKTOP-FOFEJ5M" failures="0" tests="1" name="Test_Package.TC_23_Information_Page_Enter_Details_Performance" time="6.005" errors="0" timestamp="2023-06-15T01:11:24 IST" skipped="0">
  <testcase classname="Test_Package.TC_23_Information_Page_Enter_Details_Performance" name="Information_Page_Enter_Details" time="6.005"/>
  <system-out/>
</testsuite> <!-- Test_Package.TC_23_Information_Page_Enter_Details_Performance -->
