<?xml version="1.0" encoding="UTF-8"?>
<!-- Generated by org.testng.reporters.JUnitReportReporter -->
<testsuite hostname="DESKTOP-FOFEJ5M" failures="0" tests="1" name="Test_Package.TC_20_Add_all_items_Performance" time="1.602" errors="0" timestamp="2023-06-15T01:11:24 IST" skipped="0">
  <testcase classname="Test_Package.TC_20_Add_all_items_Performance" name="Add_all_items" time="1.602"/>
  <system-out/>
</testsuite> <!-- Test_Package.TC_20_Add_all_items_Performance -->
