<?xml version="1.0" encoding="UTF-8"?>
<!-- Generated by org.testng.reporters.JUnitReportReporter -->
<testsuite hostname="DESKTOP-FOFEJ5M" failures="0" tests="1" name="Test_Package.TC_08_Sort_the_products_in_price_low_to_high_order" time="4.366" errors="0" timestamp="2023-06-15T01:09:27 IST" skipped="0">
  <testcase classname="Test_Package.TC_08_Sort_the_products_in_price_low_to_high_order" name="Sort_the_products_in_price_low_to_high_order" time="4.366"/>
  <system-out/>
</testsuite> <!-- Test_Package.TC_08_Sort_the_products_in_price_low_to_high_order -->
