<?xml version="1.0" encoding="UTF-8"?>
<!-- Generated by org.testng.reporters.JUnitReportReporter -->
<testsuite hostname="DESKTOP-FOFEJ5M" failures="0" tests="1" name="Test_Package.TC_18_Login_with_performance_glitch_user" time="10.994" errors="0" timestamp="2023-06-15T01:11:24 IST" skipped="0">
  <testcase classname="Test_Package.TC_18_Login_with_performance_glitch_user" name="Login_with_valid_UserName_and_Valid_Password" time="10.994"/>
  <system-out/>
</testsuite> <!-- Test_Package.TC_18_Login_with_performance_glitch_user -->
