<?xml version="1.0" encoding="UTF-8"?>
<!-- Generated by org.testng.reporters.JUnitReportReporter -->
<testsuite hostname="DESKTOP-FOFEJ5M" failures="0" tests="1" name="Test_Package.TC_04_Login_with_Wrong_UserName_and_Wrong_Password" time="0.873" errors="0" timestamp="2023-06-15T01:09:27 IST" skipped="0">
  <testcase classname="Test_Package.TC_04_Login_with_Wrong_UserName_and_Wrong_Password" name="Login_with_Wrong_UserName_and_Wrong_Password" time="0.873"/>
  <system-out/>
</testsuite> <!-- Test_Package.TC_04_Login_with_Wrong_UserName_and_Wrong_Password -->
