<?xml version="1.0" encoding="UTF-8"?>
<!-- Generated by org.testng.reporters.JUnitReportReporter -->
<testsuite hostname="DESKTOP-FOFEJ5M" failures="0" tests="1" name="Test_Package.TC_10_remove_items_that_have_a_price_less" time="0.497" errors="0" timestamp="2023-06-15T01:09:27 IST" skipped="0">
  <testcase classname="Test_Package.TC_10_remove_items_that_have_a_price_less" name="add_all_items" time="0.497"/>
  <system-out/>
</testsuite> <!-- Test_Package.TC_10_remove_items_that_have_a_price_less -->
