<?xml version="1.0" encoding="UTF-8"?>
<!-- Generated by org.testng.reporters.JUnitReportReporter -->
<testsuite hostname="DESKTOP-FOFEJ5M" failures="0" tests="1" name="Test_Package.TC_22_Checkout_button_Performance" time="3.022" errors="0" timestamp="2023-06-15T01:11:24 IST" skipped="0">
  <testcase classname="Test_Package.TC_22_Checkout_button_Performance" name="add_all_items" time="3.022"/>
  <system-out/>
</testsuite> <!-- Test_Package.TC_22_Checkout_button_Performance -->
